<?xml version="1.0" encoding="utf-8" standalone="no"?>
<!--This file represents the results of running a test suite-->
<test-results name="D:\develop\CI\Code\CIProjectDemo1\BuildArtifacts\CIProjectDemo1.UnitTests.dll" total="2" errors="0" failures="0" not-run="0" inconclusive="0" ignored="0" skipped="0" invalid="0" date="2015-08-07" time="14:30:06">
  <environment nunit-version="2.6.0.12051" clr-version="2.0.50727.5485" os-version="Microsoft Windows NT 6.1.7601 Service Pack 1" platform="Win32NT" cwd="D:\develop\CI\Code\CIProjectDemo1" machine-name="CLOUD915-PC" user="Administrator" user-domain="cloud915-pc" />
  <culture-info current-culture="zh-CN" current-uiculture="zh-CN" />
  <test-suite type="Assembly" name="D:\develop\CI\Code\CIProjectDemo1\BuildArtifacts\CIProjectDemo1.UnitTests.dll" executed="True" result="Success" success="True" time="0.189" asserts="0">
    <results>
      <test-suite type="Namespace" name="CIProjectDemo1" executed="True" result="Success" success="True" time="0.151" asserts="0">
        <results>
          <test-suite type="Namespace" name="UnitTests" executed="True" result="Success" success="True" time="0.150" asserts="0">
            <results>
              <test-suite type="TestFixture" name="MainTest" executed="True" result="Success" success="True" time="0.147" asserts="0">
                <results>
                  <test-case name="CIProjectDemo1.UnitTests.MainTest.NumberTest" executed="True" result="Success" success="True" time="0.104" asserts="2" />
                  <test-case name="CIProjectDemo1.UnitTests.MainTest.StringTest" executed="True" result="Success" success="True" time="0.004" asserts="2" />
                </results>
              </test-suite>
            </results>
          </test-suite>
        </results>
      </test-suite>
    </results>
  </test-suite>
</test-results>